<?xml version="1.0" encoding="UTF-8"?>
<robot generator="Robot 5.0 (Python 3.7.9 on win32)" generated="20220408 07:56:07.375" rpa="false" schemaversion="3">
<suite id="s1" name="Flip" source="C:\Users\navak\08\03\today10032022\07042022 robot_framework\Tests\Flipkart\FunctionalTestsuite\Flip.robot">
<test id="s1-t1" name="Google Search Test" line="11">
<kw name="Open Browser" library="SeleniumLibrary">
<arg>${google_url}</arg>
<arg>chrome</arg>
<doc>Opens a new browser instance to the optional ``url``.</doc>
<msg timestamp="20220408 07:56:07.623" level="INFO">Opening browser 'chrome' to base url 'https://www.google.com/'.</msg>
<status status="PASS" starttime="20220408 07:56:07.623" endtime="20220408 07:56:10.295"/>
</kw>
<kw name="Maximize Browser Window" library="SeleniumLibrary">
<doc>Maximizes current browser window.</doc>
<status status="PASS" starttime="20220408 07:56:10.296" endtime="20220408 07:56:10.456"/>
</kw>
<kw name="Search Flipkart">
<kw name="Input Text" library="SeleniumLibrary">
<arg>name:q</arg>
<arg>${search_data}</arg>
<doc>Types the given ``text`` into the text field identified by ``locator``.</doc>
<msg timestamp="20220408 07:56:10.457" level="INFO">Typing text 'flipkart' into text field 'name:q'.</msg>
<status status="PASS" starttime="20220408 07:56:10.457" endtime="20220408 07:56:10.657"/>
</kw>
<status status="PASS" starttime="20220408 07:56:10.456" endtime="20220408 07:56:10.658"/>
</kw>
<kw name="Submit Form" library="SeleniumLibrary">
<doc>Submits a form identified by ``locator``.</doc>
<msg timestamp="20220408 07:56:10.660" level="INFO">Submitting form 'None'.</msg>
<status status="PASS" starttime="20220408 07:56:10.659" endtime="20220408 07:56:13.314"/>
</kw>
<kw name="Click Element" library="SeleniumLibrary">
<arg>class:LC20lb</arg>
<doc>Click the element identified by ``locator``.</doc>
<msg timestamp="20220408 07:56:13.316" level="INFO">Clicking element 'class:LC20lb'.</msg>
<status status="PASS" starttime="20220408 07:56:13.315" endtime="20220408 07:56:14.696"/>
</kw>
<doc>This test is to open google</doc>
<tag>google</tag>
<status status="PASS" starttime="20220408 07:56:07.622" endtime="20220408 07:56:14.696"/>
</test>
<test id="s1-t2" name="Flipkart Search Test" line="20">
<kw name="Sleep" library="BuiltIn">
<arg>1s</arg>
<doc>Pauses the test executed for the given time.</doc>
<msg timestamp="20220408 07:56:15.704" level="INFO">Slept 1 second</msg>
<status status="PASS" starttime="20220408 07:56:14.698" endtime="20220408 07:56:15.704"/>
</kw>
<kw name="Click Button" library="SeleniumLibrary">
<arg>class:_2KpZ6l</arg>
<doc>Clicks the button identified by ``locator``.</doc>
<msg timestamp="20220408 07:56:15.707" level="INFO">Clicking button 'class:_2KpZ6l'.</msg>
<status status="PASS" starttime="20220408 07:56:15.706" endtime="20220408 07:56:15.950"/>
</kw>
<kw name="Search Product">
<kw name="Input Text" library="SeleniumLibrary">
<arg>name:q</arg>
<arg>${search_product}</arg>
<doc>Types the given ``text`` into the text field identified by ``locator``.</doc>
<msg timestamp="20220408 07:56:15.953" level="INFO">Typing text 'samsung' into text field 'name:q'.</msg>
<status status="PASS" starttime="20220408 07:56:15.952" endtime="20220408 07:56:16.080"/>
</kw>
<status status="PASS" starttime="20220408 07:56:15.951" endtime="20220408 07:56:16.080"/>
</kw>
<kw name="Sleep" library="BuiltIn">
<arg>1s</arg>
<doc>Pauses the test executed for the given time.</doc>
<msg timestamp="20220408 07:56:17.096" level="INFO">Slept 1 second</msg>
<status status="PASS" starttime="20220408 07:56:16.081" endtime="20220408 07:56:17.096"/>
</kw>
<kw name="Click Button" library="SeleniumLibrary">
<arg>class:L0Z3Pu</arg>
<doc>Clicks the button identified by ``locator``.</doc>
<msg timestamp="20220408 07:56:17.098" level="INFO">Clicking button 'class:L0Z3Pu'.</msg>
<status status="PASS" starttime="20220408 07:56:17.098" endtime="20220408 07:56:17.338"/>
</kw>
<kw name="Sleep" library="BuiltIn">
<arg>1s</arg>
<doc>Pauses the test executed for the given time.</doc>
<msg timestamp="20220408 07:56:18.342" level="INFO">Slept 1 second</msg>
<status status="PASS" starttime="20220408 07:56:17.339" endtime="20220408 07:56:18.342"/>
</kw>
<kw name="Scroll Element Into View" library="SeleniumLibrary">
<arg>xpath=//html/body/div[1]/div/div[3]/div[1]/div[2]/div[4]/div/div/div/a/div[2]/div[1]/div[1]</arg>
<doc>Scrolls the element identified by ``locator`` into view.</doc>
<status status="PASS" starttime="20220408 07:56:18.344" endtime="20220408 07:56:18.948"/>
</kw>
<kw name="Sleep" library="BuiltIn">
<arg>1s</arg>
<doc>Pauses the test executed for the given time.</doc>
<msg timestamp="20220408 07:56:19.956" level="INFO">Slept 1 second</msg>
<status status="PASS" starttime="20220408 07:56:18.950" endtime="20220408 07:56:19.956"/>
</kw>
<kw name="Click Element" library="SeleniumLibrary">
<arg>xpath=//html/body/div[1]/div/div[3]/div[1]/div[2]/div[4]/div/div/div/a/div[2]/div[1]/div[1]</arg>
<doc>Click the element identified by ``locator``.</doc>
<msg timestamp="20220408 07:56:19.957" level="INFO">Clicking element 'xpath=//html/body/div[1]/div/div[3]/div[1]/div[2]/div[4]/div/div/div/a/div[2]/div[1]/div[1]'.</msg>
<status status="PASS" starttime="20220408 07:56:19.957" endtime="20220408 07:56:20.100"/>
</kw>
<kw name="Sleep" library="BuiltIn">
<arg>2s</arg>
<doc>Pauses the test executed for the given time.</doc>
<msg timestamp="20220408 07:56:22.108" level="INFO">Slept 2 seconds</msg>
<status status="PASS" starttime="20220408 07:56:20.101" endtime="20220408 07:56:22.108"/>
</kw>
<doc>This test is to open flipkart</doc>
<tag>Shopping App</tag>
<status status="PASS" starttime="20220408 07:56:14.697" endtime="20220408 07:56:22.110"/>
</test>
<test id="s1-t3" name="Buying samsung Test" line="34">
<kw name="Switch Window" library="SeleniumLibrary">
<arg>title: ${title_tag}</arg>
<doc>Switches to browser window matching ``locator``.</doc>
<status status="PASS" starttime="20220408 07:56:22.117" endtime="20220408 07:56:22.767"/>
</kw>
<kw name="Click Element" library="SeleniumLibrary">
<arg>xpath=//html/body/div[1]/div/div[3]/div[1]/div[1]/div[2]/div/ul/li[2]/form/button</arg>
<doc>Click the element identified by ``locator``.</doc>
<msg timestamp="20220408 07:56:22.769" level="INFO">Clicking element 'xpath=//html/body/div[1]/div/div[3]/div[1]/div[1]/div[2]/div/ul/li[2]/form/button'.</msg>
<status status="PASS" starttime="20220408 07:56:22.768" endtime="20220408 07:56:22.985"/>
</kw>
<kw name="Sleep" library="BuiltIn">
<arg>1s</arg>
<doc>Pauses the test executed for the given time.</doc>
<msg timestamp="20220408 07:56:23.990" level="INFO">Slept 1 second</msg>
<status status="PASS" starttime="20220408 07:56:22.987" endtime="20220408 07:56:23.991"/>
</kw>
<kw name="Enter Email">
<kw name="Input Text" library="SeleniumLibrary">
<arg>class:_2IX_2-</arg>
<arg>${email_id}</arg>
<doc>Types the given ``text`` into the text field identified by ``locator``.</doc>
<msg timestamp="20220408 07:56:23.996" level="INFO">Typing text '7539996448' into text field 'class:_2IX_2-'.</msg>
<status status="PASS" starttime="20220408 07:56:23.994" endtime="20220408 07:56:25.220"/>
</kw>
<status status="PASS" starttime="20220408 07:56:23.992" endtime="20220408 07:56:25.220"/>
</kw>
<kw name="Sleep" library="BuiltIn">
<arg>2s</arg>
<doc>Pauses the test executed for the given time.</doc>
<msg timestamp="20220408 07:56:27.230" level="INFO">Slept 2 seconds</msg>
<status status="PASS" starttime="20220408 07:56:25.220" endtime="20220408 07:56:27.230"/>
</kw>
<kw name="Click Button" library="SeleniumLibrary">
<arg>class:_20xBvF</arg>
<doc>Clicks the button identified by ``locator``.</doc>
<msg timestamp="20220408 07:56:27.233" level="INFO">Clicking button 'class:_20xBvF'.</msg>
<status status="PASS" starttime="20220408 07:56:27.232" endtime="20220408 07:56:27.403"/>
</kw>
<kw name="Sleep" library="BuiltIn">
<arg>1s</arg>
<doc>Pauses the test executed for the given time.</doc>
<msg timestamp="20220408 07:56:28.420" level="INFO">Slept 1 second</msg>
<status status="PASS" starttime="20220408 07:56:27.404" endtime="20220408 07:56:28.420"/>
</kw>
<kw name="Enter Anonymn">
<kw name="Input Text" library="SeleniumLibrary">
<arg>xpath=//html/body/div[1]/div/div[2]/div/div[1]/div[1]/div/div/div/div/div[1]/div/form/div[2]/input</arg>
<arg>${text_anonymous}</arg>
<doc>Types the given ``text`` into the text field identified by ``locator``.</doc>
<msg timestamp="20220408 07:56:28.422" level="INFO">Typing text '0p9o8i7upl' into text field 'xpath=//html/body/div[1]/div/div[2]/div/div[1]/div[1]/div/div/div/div/div[1]/div/form/div[2]/input'.</msg>
<status status="PASS" starttime="20220408 07:56:28.421" endtime="20220408 07:56:28.554"/>
</kw>
<status status="PASS" starttime="20220408 07:56:28.421" endtime="20220408 07:56:28.554"/>
</kw>
<kw name="Sleep" library="BuiltIn">
<arg>1s</arg>
<doc>Pauses the test executed for the given time.</doc>
<msg timestamp="20220408 07:56:29.566" level="INFO">Slept 1 second</msg>
<status status="PASS" starttime="20220408 07:56:28.555" endtime="20220408 07:56:29.566"/>
</kw>
<kw name="Click Button" library="SeleniumLibrary">
<arg>class:_3AWRsL</arg>
<doc>Clicks the button identified by ``locator``.</doc>
<msg timestamp="20220408 07:56:29.567" level="INFO">Clicking button 'class:_3AWRsL'.</msg>
<status status="PASS" starttime="20220408 07:56:29.567" endtime="20220408 07:56:29.638"/>
</kw>
<kw name="Sleep" library="BuiltIn">
<arg>1s</arg>
<doc>Pauses the test executed for the given time.</doc>
<msg timestamp="20220408 07:56:30.655" level="INFO">Slept 1 second</msg>
<status status="PASS" starttime="20220408 07:56:29.638" endtime="20220408 07:56:30.655"/>
</kw>
<kw name="Click Button" library="SeleniumLibrary">
<arg>class:_2KpZ6l</arg>
<doc>Clicks the button identified by ``locator``.</doc>
<msg timestamp="20220408 07:56:30.655" level="INFO">Clicking button 'class:_2KpZ6l'.</msg>
<status status="PASS" starttime="20220408 07:56:30.655" endtime="20220408 07:56:30.770"/>
</kw>
<kw name="Sleep" library="BuiltIn">
<arg>2s</arg>
<doc>Pauses the test executed for the given time.</doc>
<msg timestamp="20220408 07:56:32.773" level="INFO">Slept 2 seconds</msg>
<status status="PASS" starttime="20220408 07:56:30.771" endtime="20220408 07:56:32.773"/>
</kw>
<doc>This test is to buy samsung mobile</doc>
<tag>Shopping App</tag>
<status status="PASS" starttime="20220408 07:56:22.113" endtime="20220408 07:56:32.773"/>
</test>
<status status="PASS" starttime="20220408 07:56:07.377" endtime="20220408 07:56:32.775"/>
</suite>
<statistics>
<total>
<stat pass="3" fail="0" skip="0">All Tests</stat>
</total>
<tag>
<stat pass="1" fail="0" skip="0">google</stat>
<stat pass="2" fail="0" skip="0">Shopping App</stat>
</tag>
<suite>
<stat pass="3" fail="0" skip="0" id="s1" name="Flip">Flip</stat>
</suite>
</statistics>
<errors>
</errors>
</robot>
